{"C:\\Users\\38063\\Documents\\GitHub\\nodejs-homework\\src\\controllers\\contacts.js": {"path":"C:\\Users\\38063\\Documents\\GitHub\\nodejs-homework\\src\\controllers\\contacts.js","statementMap":{"0":{"start":{"line":1,"column":21},"end":{"line":1,"column":52}},"1":{"start":{"line":2,"column":28},"end":{"line":2,"column":50}},"2":{"start":{"line":4,"column":24},"end":{"line":4,"column":45}},"3":{"start":{"line":6,"column":21},"end":{"line":20,"column":1}},"4":{"start":{"line":7,"column":2},"end":{"line":19,"column":3}},"5":{"start":{"line":8,"column":19},"end":{"line":8,"column":30}},"6":{"start":{"line":9,"column":21},"end":{"line":9,"column":74}},"7":{"start":{"line":10,"column":4},"end":{"line":16,"column":7}},"8":{"start":{"line":18,"column":4},"end":{"line":18,"column":14}},"9":{"start":{"line":22,"column":16},"end":{"line":44,"column":1}},"10":{"start":{"line":23,"column":2},"end":{"line":43,"column":3}},"11":{"start":{"line":24,"column":19},"end":{"line":24,"column":30}},"12":{"start":{"line":25,"column":20},"end":{"line":25,"column":69}},"13":{"start":{"line":26,"column":4},"end":{"line":40,"column":5}},"14":{"start":{"line":27,"column":6},"end":{"line":33,"column":9}},"15":{"start":{"line":35,"column":6},"end":{"line":39,"column":9}},"16":{"start":{"line":42,"column":4},"end":{"line":42,"column":14}},"17":{"start":{"line":46,"column":19},"end":{"line":60,"column":1}},"18":{"start":{"line":47,"column":2},"end":{"line":59,"column":3}},"19":{"start":{"line":48,"column":19},"end":{"line":48,"column":30}},"20":{"start":{"line":49,"column":20},"end":{"line":49,"column":70}},"21":{"start":{"line":50,"column":4},"end":{"line":56,"column":7}},"22":{"start":{"line":58,"column":4},"end":{"line":58,"column":14}},"23":{"start":{"line":62,"column":22},"end":{"line":88,"column":1}},"24":{"start":{"line":63,"column":2},"end":{"line":87,"column":3}},"25":{"start":{"line":64,"column":19},"end":{"line":64,"column":30}},"26":{"start":{"line":65,"column":20},"end":{"line":69,"column":5}},"27":{"start":{"line":70,"column":4},"end":{"line":84,"column":5}},"28":{"start":{"line":71,"column":6},"end":{"line":77,"column":9}},"29":{"start":{"line":79,"column":6},"end":{"line":83,"column":9}},"30":{"start":{"line":86,"column":4},"end":{"line":86,"column":14}},"31":{"start":{"line":90,"column":22},"end":{"line":113,"column":1}},"32":{"start":{"line":91,"column":2},"end":{"line":112,"column":3}},"33":{"start":{"line":92,"column":19},"end":{"line":92,"column":30}},"34":{"start":{"line":93,"column":20},"end":{"line":93,"column":75}},"35":{"start":{"line":94,"column":4},"end":{"line":109,"column":5}},"36":{"start":{"line":95,"column":6},"end":{"line":102,"column":9}},"37":{"start":{"line":104,"column":6},"end":{"line":108,"column":9}},"38":{"start":{"line":111,"column":4},"end":{"line":111,"column":14}},"39":{"start":{"line":115,"column":0},"end":{"line":121,"column":2}}},"fnMap":{"0":{"name":"(anonymous_0)","decl":{"start":{"line":6,"column":21},"end":{"line":6,"column":22}},"loc":{"start":{"line":6,"column":47},"end":{"line":20,"column":1}},"line":6},"1":{"name":"(anonymous_1)","decl":{"start":{"line":22,"column":16},"end":{"line":22,"column":17}},"loc":{"start":{"line":22,"column":42},"end":{"line":44,"column":1}},"line":22},"2":{"name":"(anonymous_2)","decl":{"start":{"line":46,"column":19},"end":{"line":46,"column":20}},"loc":{"start":{"line":46,"column":45},"end":{"line":60,"column":1}},"line":46},"3":{"name":"(anonymous_3)","decl":{"start":{"line":62,"column":22},"end":{"line":62,"column":23}},"loc":{"start":{"line":62,"column":48},"end":{"line":88,"column":1}},"line":62},"4":{"name":"(anonymous_4)","decl":{"start":{"line":90,"column":22},"end":{"line":90,"column":23}},"loc":{"start":{"line":90,"column":48},"end":{"line":113,"column":1}},"line":90}},"branchMap":{"0":{"loc":{"start":{"line":26,"column":4},"end":{"line":40,"column":5}},"type":"if","locations":[{"start":{"line":26,"column":4},"end":{"line":40,"column":5}},{"start":{"line":26,"column":4},"end":{"line":40,"column":5}}],"line":26},"1":{"loc":{"start":{"line":70,"column":4},"end":{"line":84,"column":5}},"type":"if","locations":[{"start":{"line":70,"column":4},"end":{"line":84,"column":5}},{"start":{"line":70,"column":4},"end":{"line":84,"column":5}}],"line":70},"2":{"loc":{"start":{"line":94,"column":4},"end":{"line":109,"column":5}},"type":"if","locations":[{"start":{"line":94,"column":4},"end":{"line":109,"column":5}},{"start":{"line":94,"column":4},"end":{"line":109,"column":5}}],"line":94}},"s":{"0":1,"1":1,"2":1,"3":1,"4":2,"5":2,"6":1,"7":1,"8":1,"9":1,"10":2,"11":2,"12":2,"13":2,"14":1,"15":1,"16":0,"17":1,"18":1,"19":1,"20":1,"21":1,"22":0,"23":1,"24":2,"25":2,"26":2,"27":2,"28":1,"29":1,"30":0,"31":1,"32":2,"33":2,"34":2,"35":2,"36":1,"37":1,"38":0,"39":1},"f":{"0":2,"1":2,"2":1,"3":2,"4":2},"b":{"0":[1,1],"1":[1,1],"2":[1,1]},"_coverageSchema":"1a1c01bbd47fc00a2c39e90264f33305004495a9","hash":"abed67a6f0b8c8f915d7c6379ed53686bd043667"}
,"C:\\Users\\38063\\Documents\\GitHub\\nodejs-homework\\src\\helpers\\constants.js": {"path":"C:\\Users\\38063\\Documents\\GitHub\\nodejs-homework\\src\\helpers\\constants.js","statementMap":{"0":{"start":{"line":1,"column":17},"end":{"line":11,"column":1}},"1":{"start":{"line":13,"column":0},"end":{"line":15,"column":2}}},"fnMap":{},"branchMap":{},"s":{"0":1,"1":1},"f":{},"b":{},"_coverageSchema":"1a1c01bbd47fc00a2c39e90264f33305004495a9","hash":"2a6a85ec149c077b0d32116b118735c930e132b5"}
}
