TN:
SF:src\controllers\contacts.js
FN:6,(anonymous_0)
FN:22,(anonymous_1)
FN:46,(anonymous_2)
FN:62,(anonymous_3)
FN:90,(anonymous_4)
FNF:5
FNH:5
FNDA:2,(anonymous_0)
FNDA:2,(anonymous_1)
FNDA:1,(anonymous_2)
FNDA:2,(anonymous_3)
FNDA:2,(anonymous_4)
DA:1,1
DA:2,1
DA:4,1
DA:6,1
DA:7,2
DA:8,2
DA:9,1
DA:10,1
DA:18,1
DA:22,1
DA:23,2
DA:24,2
DA:25,2
DA:26,2
DA:27,1
DA:35,1
DA:42,0
DA:46,1
DA:47,1
DA:48,1
DA:49,1
DA:50,1
DA:58,0
DA:62,1
DA:63,2
DA:64,2
DA:65,2
DA:70,2
DA:71,1
DA:79,1
DA:86,0
DA:90,1
DA:91,2
DA:92,2
DA:93,2
DA:94,2
DA:95,1
DA:104,1
DA:111,0
DA:115,1
LF:40
LH:36
BRDA:26,0,0,1
BRDA:26,0,1,1
BRDA:70,1,0,1
BRDA:70,1,1,1
BRDA:94,2,0,1
BRDA:94,2,1,1
BRF:6
BRH:6
end_of_record
TN:
SF:src\helpers\constants.js
FNF:0
FNH:0
DA:1,1
DA:13,1
LF:2
LH:2
BRF:0
BRH:0
end_of_record
